Step: step-credential-initializer-mmslp:

{"level":"warn","ts":1565729428.1125805,"logger":"fallback-logger","caller":"logging/config.go:69","msg":"Fetch GitHub commit ID from kodata failed: \"ref: refs/heads/master\" is not a valid GitHub commit ID"}
{"level":"info","ts":1565729428.113023,"logger":"fallback-logger","caller":"creds-init/main.go:40","msg":"Credentials initialized."}
Step: step-working-dir-initializer-6nnwm:

{"level":"warn","ts":1565729428.69706,"logger":"fallback-logger","caller":"logging/config.go:69","msg":"Fetch GitHub commit ID from kodata failed: open /var/run/ko/HEAD: no such file or directory"}
{"level":"info","ts":1565729428.69805,"logger":"fallback-logger","caller":"bash/main.go:65","msg":"Successfully executed command \"mkdir -p /workspace/source\""}
Step: step-place-tools:

Step: step-git-source-meta-****************-go-demo-6-rjt4j:

{"level":"warn","ts":1565729440.9391847,"logger":"fallback-logger","caller":"logging/config.go:69","msg":"Fetch GitHub commit ID from kodata failed: \"ref: refs/heads/master\" is not a valid GitHub commit ID"}
{"level":"info","ts":1565729441.332261,"logger":"fallback-logger","caller":"git/git.go:102","msg":"Successfully cloned https://github.com/****************/go-demo-6.git @ a6bda8926304db6e553da4aa503b291df0bc9fbc in path /workspace/source"}
Step: step-git-merge:

{"level":"info","msg":"Using SHAs from PULL_REFS=master:a6bda8926304db6e553da4aa503b291df0bc9fbc","time":"2019-08-13T20:50:42Z"}
{"level":"warning","msg":"no SHAs to merge, falling back to initial cloned commit","time":"2019-08-13T20:50:42Z"}
Step: step-merge-pull-refs:

SKIP merge-pull-refs: Nothing to merge
Step: step-create-effective-pipeline:

{"level":"info","msg":"Deleting and cloning the Jenkins X versions repo","time":"2019-08-13T20:50:43Z"}
{"level":"info","msg":"Cloning the Jenkins X versions repo https://github.com/jenkins-x/jenkins-x-versions.git with ref refs/heads/master to /builder/home/.jx/jenkins-x-versions","time":"2019-08-13T20:50:43Z"}
{"level":"info","msg":"Effective pipeline written to jenkins-x-effective.yml","time":"2019-08-13T20:50:44Z"}
Step: step-create-tekton-crds:

{"level":"info","msg":"running command: echo \\$(jx-release-version) \u003e VERSION","time":"2019-08-13T20:50:45Z"}
{"level":"info","msg":"","time":"2019-08-13T20:50:48Z"}
{"level":"info","msg":"running command: jx step tag --version \\$(cat VERSION)","time":"2019-08-13T20:50:48Z"}
{"level":"info","msg":"Updating chart version in charts/go-demo-6/Chart.yaml to 1.0.338","time":"2019-08-13T20:50:48Z"}
{"level":"info","msg":"Updating repository in charts/go-demo-6/values.yaml to 10.27.244.247:5000/****************/go-demo-6","time":"2019-08-13T20:50:48Z"}
{"level":"info","msg":"Updating tag in charts/go-demo-6/values.yaml to 1.0.338","time":"2019-08-13T20:50:48Z"}
{"level":"info","msg":"Tag v1.0.338 created and pushed to remote origin","time":"2019-08-13T20:50:50Z"}
{"level":"info","msg":"","time":"2019-08-13T20:50:50Z"}
{"level":"warning","msg":"failed to find secret kaniko-secret in namespace ****************: secrets \"kaniko-secret\" not found","time":"2019-08-13T20:50:50Z"}
{"level":"info","msg":"PipelineActivity for ****************-go-demo-6-master-1","time":"2019-08-13T20:50:50Z"}
{"level":"info","msg":"Applying changes ","time":"2019-08-13T20:50:50Z"}
{"level":"info","msg":"upserted PipelineResource ****************-go-demo-6-mast for the git repository https://github.com/****************/go-demo-6.git and branch master","time":"2019-08-13T20:50:51Z"}
{"level":"info","msg":"upserted Task ****************-go-demo-6-mast-from-build-pack-1","time":"2019-08-13T20:50:51Z"}
{"level":"info","msg":"upserted Pipeline ****************-go-demo-6-mast-1","time":"2019-08-13T20:50:51Z"}
{"level":"info","msg":"created PipelineRun ****************-go-demo-6-mast-1","time":"2019-08-13T20:50:51Z"}
{"level":"info","msg":"created PipelineStructure ****************-go-demo-6-mast-1","time":"2019-08-13T20:50:51Z"}
