Step: step-credential-initializer-44tfk:

{"level":"warn","ts":1565729448.058628,"logger":"fallback-logger","caller":"logging/config.go:69","msg":"Fetch GitHub commit ID from kodata failed: \"ref: refs/heads/master\" is not a valid GitHub commit ID"}
{"level":"info","ts":1565729448.059136,"logger":"fallback-logger","caller":"creds-init/main.go:40","msg":"Credentials initialized."}
Step: step-working-dir-initializer-lmz6f:

{"level":"warn","ts":1565729448.6371977,"logger":"fallback-logger","caller":"logging/config.go:69","msg":"Fetch GitHub commit ID from kodata failed: open /var/run/ko/HEAD: no such file or directory"}
{"level":"info","ts":1565729448.638631,"logger":"fallback-logger","caller":"bash/main.go:65","msg":"Successfully executed command \"mkdir -p /workspace/source /workspace/source/charts/go-demo-6\""}
Step: step-place-tools:

Step: step-git-source-aaron-neerenberg-go-demo-6-mast-7zjrq:

{"level":"warn","ts":1565729462.8497438,"logger":"fallback-logger","caller":"logging/config.go:69","msg":"Fetch GitHub commit ID from kodata failed: \"ref: refs/heads/master\" is not a valid GitHub commit ID"}
{"level":"info","ts":1565729464.908359,"logger":"fallback-logger","caller":"git/git.go:102","msg":"Successfully cloned https://github.com/aaron-neerenberg/go-demo-6.git @ v1.0.337 in path /workspace/source"}
Step: step-git-merge:

WARNING: no SHAs to merge, falling back to initial cloned commit
Step: step-setup-jx-git-credentials:

Generated Git credentials file /workspace/xdg_config/git/credentials
Step: step-build-make-build:

go: finding github.com/matttproud/golang_protobuf_extensions v1.0.1
go: finding github.com/pmezard/go-difflib v1.0.0
go: finding github.com/beorn7/perks v0.0.0-20180321164747-3a771d992973
go: finding github.com/prometheus/client_golang v0.9.2
go: finding github.com/prometheus/client_model v0.0.0-20180712105110-5c3871d89910
go: finding github.com/stretchr/testify v1.2.2
go: finding github.com/stretchr/objx v0.1.1
go: finding github.com/golang/protobuf v1.2.0
go: finding github.com/davecgh/go-spew v1.1.1
go: finding gopkg.in/mgo.v2 v2.0.0-20180705113604-9856a29383ce
go: finding github.com/prometheus/procfs v0.0.0-20181204211112-1dc9a6cbc91a
go: finding golang.org/x/net v0.0.0-20181201002055-351d144fa1fc
go: finding golang.org/x/sync v0.0.0-20181108010431-42b317875d0f
go: finding github.com/prometheus/common v0.0.0-20181126121408-4724e9255275
go: downloading github.com/prometheus/client_golang v0.9.2
go: downloading gopkg.in/mgo.v2 v2.0.0-20180705113604-9856a29383ce
go: extracting github.com/prometheus/client_golang v0.9.2
go: downloading github.com/prometheus/client_model v0.0.0-20180712105110-5c3871d89910
go: downloading github.com/prometheus/common v0.0.0-20181126121408-4724e9255275
go: downloading github.com/beorn7/perks v0.0.0-20180321164747-3a771d992973
go: downloading github.com/prometheus/procfs v0.0.0-20181204211112-1dc9a6cbc91a
go: downloading github.com/golang/protobuf v1.2.0
go: extracting github.com/beorn7/perks v0.0.0-20180321164747-3a771d992973
go: extracting github.com/prometheus/common v0.0.0-20181126121408-4724e9255275
go: extracting gopkg.in/mgo.v2 v2.0.0-20180705113604-9856a29383ce
go: extracting github.com/prometheus/client_model v0.0.0-20180712105110-5c3871d89910
go: extracting github.com/prometheus/procfs v0.0.0-20181204211112-1dc9a6cbc91a
go: downloading github.com/matttproud/golang_protobuf_extensions v1.0.1
go: extracting github.com/matttproud/golang_protobuf_extensions v1.0.1
go: extracting github.com/golang/protobuf v1.2.0
CGO_ENABLED=0 GO15VENDOREXPERIMENT=1 go build -ldflags '' -o bin/go-demo-6 main.go
Step: step-build-container-build:

[36mINFO[0m[0000] No base image, nothing to extract            
[36mINFO[0m[0000] cmd: EXPOSE                                  
[36mINFO[0m[0000] Adding exposed port: 8080/tcp                
[36mINFO[0m[0000] Using files from context: [/workspace/source/bin] 
[36mINFO[0m[0000] Skipping unpacking as no commands require it. 
[36mINFO[0m[0000] Taking snapshot of full filesystem...        
[36mINFO[0m[0000] EXPOSE 8080                                  
[36mINFO[0m[0000] cmd: EXPOSE                                  
[36mINFO[0m[0000] Adding exposed port: 8080/tcp                
[36mINFO[0m[0000] No files changed in this command, skipping snapshotting. 
[36mINFO[0m[0000] ENTRYPOINT ["/go-demo-6"]                    
[36mINFO[0m[0000] No files changed in this command, skipping snapshotting. 
[36mINFO[0m[0000] Using files from context: [/workspace/source/bin] 
[36mINFO[0m[0000] COPY ./bin/ /                                
[36mINFO[0m[0000] Taking snapshot of files...                  
ERROR: logging before flag.Parse: E0813 20:51:18.534749      12 metadata.go:159] while reading 'google-dockercfg-url' metadata: http status code: 404 while fetching url http://metadata.google.internal./computeMetadata/v1/instance/attributes/google-dockercfg-url
ERROR: logging before flag.Parse: E0813 20:51:18.543124      12 metadata.go:142] while reading 'google-dockercfg' metadata: http status code: 404 while fetching url http://metadata.google.internal./computeMetadata/v1/instance/attributes/google-dockercfg
2019/08/13 20:51:18 pushed blob: sha256:d14ab61180f80318222d6d518d4eb0d9a1e04a65ff612cba9f47f9ec1de616e1
2019/08/13 20:51:19 pushed blob: sha256:b21ab65a5030356492572ba7d97838c76133fb05a4c4f0279f0d9df242ace333
2019/08/13 20:51:19 10.27.252.191:5000/aaron-neerenberg/go-demo-6:1.0.337: digest: sha256:dcb211851435b3517411c917f5e8babd6b8dd8f7011c57662535d1d9ed691dd4 size: 428
Step: step-build-post-build:

no CVE provider running in the current ******************** namespace so skip adding image to be analysed
Step: step-promote-changelog:

Converted /workspace/source/charts/go-demo-6 to an unshallow repository
Generating change log from git ref 1ea50ecf816c4be98d38d630953992e29ed4d1ec => d9f5c3a8d3a1756da1f368592813252efe54858a
WARNING: No release found for aaron-neerenberg/go-demo-6 and tag v1.0.337 so creating a new release
Updated the release information at https://github.com/aaron-neerenberg/go-demo-6/releases/tag/v1.0.337
generated: /workspace/source/charts/go-demo-6/templates/release.yaml
Created Release go-demo-6-1-0-337 resource in namespace ********************
Updating PipelineActivity aaron-neerenberg-go-demo-6-master-3 with version 1.0.337
Updated PipelineActivities aaron-neerenberg-go-demo-6-master-3 with release notes URL: https://github.com/aaron-neerenberg/go-demo-6/releases/tag/v1.0.337
Step: step-promote-helm-release:

WARNING: No $CHART_REPOSITORY defined so using the default value of: http://jenkins-x-chartmuseum:8080
Adding missing Helm repo: storage.googleapis.com https://storage.googleapis.com/chartmuseum.jenkins-x.io
Successfully added Helm repository storage.googleapis.com.
Adding missing Helm repo: jenkins-x-chartmuseum http://jenkins-x-chartmuseum:8080
Successfully added Helm repository jenkins-x-chartmuseum.
WARNING: No $CHART_REPOSITORY defined so using the default value of: http://jenkins-x-chartmuseum:8080
Uploading chart file go-demo-6-1.0.337.tgz to http://jenkins-x-chartmuseum:8080/api/charts
Received 201 response: {"saved":true}
Step: step-promote-jx-promote:

WARNING: prow based install so skip waiting for the merge of Pull Requests to go green as currently there is an issue with gettingstatuses from the PR, see https://github.com/jenkins-x/jx/issues/2410
Promoting app go-demo-6 version 1.0.337 to namespace ********************-staging
WARNING: Waiting for the fork of ****************/environment-********************-staging to appear...
error: pulling environment repo https://github.com/aaron-neerenberg/environment-********************-staging.git into /builder/home/.jx/environments: failed to fork GitHub repo aaron-neerenberg/environment-********************-staging to user ****************: gave up waiting for Repository ****************/environment-********************-staging to appear: GET https://api.github.com/repos/****************/environment-********************-staging: 404 Not Found []
